08-Jun-2018 14:11:31.438 信息 [main] org.apache.catalina.startup.VersionLoggerListener.log Server version:        Apache Tomcat/9.0.2
08-Jun-2018 14:11:31.442 信息 [main] org.apache.catalina.startup.VersionLoggerListener.log Server built:          Nov 25 2017 21:08:02 UTC
08-Jun-2018 14:11:31.442 信息 [main] org.apache.catalina.startup.VersionLoggerListener.log Server number:         9.0.2.0
08-Jun-2018 14:11:31.443 信息 [main] org.apache.catalina.startup.VersionLoggerListener.log OS Name:               Windows 10
08-Jun-2018 14:11:31.443 信息 [main] org.apache.catalina.startup.VersionLoggerListener.log OS Version:            10.0
08-Jun-2018 14:11:31.443 信息 [main] org.apache.catalina.startup.VersionLoggerListener.log Architecture:          amd64
08-Jun-2018 14:11:31.443 信息 [main] org.apache.catalina.startup.VersionLoggerListener.log Java Home:             C:\Program Files\Java\jdk1.8.0_151\jre
08-Jun-2018 14:11:31.445 信息 [main] org.apache.catalina.startup.VersionLoggerListener.log JVM Version:           1.8.0_151-b12
08-Jun-2018 14:11:31.445 信息 [main] org.apache.catalina.startup.VersionLoggerListener.log JVM Vendor:            Oracle Corporation
08-Jun-2018 14:11:31.445 信息 [main] org.apache.catalina.startup.VersionLoggerListener.log CATALINA_BASE:         D:\apache-tomcat-9.0.2
08-Jun-2018 14:11:31.446 信息 [main] org.apache.catalina.startup.VersionLoggerListener.log CATALINA_HOME:         D:\apache-tomcat-9.0.2
08-Jun-2018 14:11:31.446 信息 [main] org.apache.catalina.startup.VersionLoggerListener.log Command line argument: -Djava.util.logging.config.file=D:\apache-tomcat-9.0.2\conf\logging.properties
08-Jun-2018 14:11:31.446 信息 [main] org.apache.catalina.startup.VersionLoggerListener.log Command line argument: -Djava.util.logging.manager=org.apache.juli.ClassLoaderLogManager
08-Jun-2018 14:11:31.446 信息 [main] org.apache.catalina.startup.VersionLoggerListener.log Command line argument: -Djdk.tls.ephemeralDHKeySize=2048
08-Jun-2018 14:11:31.446 信息 [main] org.apache.catalina.startup.VersionLoggerListener.log Command line argument: -Djava.protocol.handler.pkgs=org.apache.catalina.webresources
08-Jun-2018 14:11:31.446 信息 [main] org.apache.catalina.startup.VersionLoggerListener.log Command line argument: -Dignore.endorsed.dirs=
08-Jun-2018 14:11:31.446 信息 [main] org.apache.catalina.startup.VersionLoggerListener.log Command line argument: -Dcatalina.base=D:\apache-tomcat-9.0.2
08-Jun-2018 14:11:31.447 信息 [main] org.apache.catalina.startup.VersionLoggerListener.log Command line argument: -Dcatalina.home=D:\apache-tomcat-9.0.2
08-Jun-2018 14:11:31.447 信息 [main] org.apache.catalina.startup.VersionLoggerListener.log Command line argument: -Djava.io.tmpdir=D:\apache-tomcat-9.0.2\temp
08-Jun-2018 14:11:31.447 信息 [main] org.apache.catalina.core.AprLifecycleListener.lifecycleEvent Loaded APR based Apache Tomcat Native library [1.2.16] using APR version [1.6.3].
08-Jun-2018 14:11:31.448 信息 [main] org.apache.catalina.core.AprLifecycleListener.lifecycleEvent APR capabilities: IPv6 [true], sendfile [true], accept filters [false], random [true].
08-Jun-2018 14:11:31.448 信息 [main] org.apache.catalina.core.AprLifecycleListener.lifecycleEvent APR/OpenSSL configuration: useAprConnector [false], useOpenSSL [true]
08-Jun-2018 14:11:32.080 信息 [main] org.apache.catalina.core.AprLifecycleListener.initializeSSL OpenSSL successfully initialized [OpenSSL 1.0.2m  2 Nov 2017]
08-Jun-2018 14:11:32.175 信息 [main] org.apache.coyote.AbstractProtocol.init Initializing ProtocolHandler ["http-nio-8080"]
08-Jun-2018 14:11:32.251 信息 [main] org.apache.tomcat.util.net.NioSelectorPool.getSharedSelector Using a shared selector for servlet write/read
08-Jun-2018 14:11:32.256 信息 [main] org.apache.coyote.AbstractProtocol.init Initializing ProtocolHandler ["ajp-nio-8009"]
08-Jun-2018 14:11:32.257 信息 [main] org.apache.tomcat.util.net.NioSelectorPool.getSharedSelector Using a shared selector for servlet write/read
08-Jun-2018 14:11:32.258 信息 [main] org.apache.catalina.startup.Catalina.load Initialization processed in 1121 ms
08-Jun-2018 14:11:32.282 信息 [main] org.apache.catalina.core.StandardService.startInternal Starting service [Catalina]
08-Jun-2018 14:11:32.282 信息 [main] org.apache.catalina.core.StandardEngine.startInternal Starting Servlet Engine: Apache Tomcat/9.0.2
08-Jun-2018 14:11:32.289 信息 [main] org.apache.catalina.startup.HostConfig.deployDirectory Deploying web application directory [D:\apache-tomcat-9.0.2\webapps\docs]
08-Jun-2018 14:11:32.501 信息 [main] org.apache.catalina.startup.HostConfig.deployDirectory Deployment of web application directory [D:\apache-tomcat-9.0.2\webapps\docs] has finished in [211] ms
08-Jun-2018 14:11:32.501 信息 [main] org.apache.catalina.startup.HostConfig.deployDirectory Deploying web application directory [D:\apache-tomcat-9.0.2\webapps\examples]
08-Jun-2018 14:11:32.771 信息 [main] org.apache.catalina.startup.HostConfig.deployDirectory Deployment of web application directory [D:\apache-tomcat-9.0.2\webapps\examples] has finished in [269] ms
08-Jun-2018 14:11:32.771 信息 [main] org.apache.catalina.startup.HostConfig.deployDirectory Deploying web application directory [D:\apache-tomcat-9.0.2\webapps\host-manager]
08-Jun-2018 14:11:32.801 信息 [main] org.apache.catalina.startup.HostConfig.deployDirectory Deployment of web application directory [D:\apache-tomcat-9.0.2\webapps\host-manager] has finished in [30] ms
08-Jun-2018 14:11:32.801 信息 [main] org.apache.catalina.startup.HostConfig.deployDirectory Deploying web application directory [D:\apache-tomcat-9.0.2\webapps\manager]
08-Jun-2018 14:11:32.823 信息 [main] org.apache.catalina.startup.HostConfig.deployDirectory Deployment of web application directory [D:\apache-tomcat-9.0.2\webapps\manager] has finished in [22] ms
08-Jun-2018 14:11:32.823 信息 [main] org.apache.catalina.startup.HostConfig.deployDirectory Deploying web application directory [D:\apache-tomcat-9.0.2\webapps\ROOT]
08-Jun-2018 14:11:32.840 信息 [main] org.apache.catalina.startup.HostConfig.deployDirectory Deployment of web application directory [D:\apache-tomcat-9.0.2\webapps\ROOT] has finished in [16] ms
08-Jun-2018 14:11:32.842 信息 [main] org.apache.coyote.AbstractProtocol.start Starting ProtocolHandler ["http-nio-8080"]
08-Jun-2018 14:11:32.850 信息 [main] org.apache.coyote.AbstractProtocol.start Starting ProtocolHandler ["ajp-nio-8009"]
08-Jun-2018 14:11:32.853 信息 [main] org.apache.catalina.startup.Catalina.start Server startup in 595 ms
